This is e-pTeX, Version 3.14159265-p3.8.3-191112-2.6 (utf8.sjis) (TeX Live 2020/W32TeX) (preloaded format=platex 2020.9.25)  2 MAY 2021 05:42
entering extended mode
 restricted \write18 enabled.
 file:line:error style messages enabled.
 %&-line parsing enabled.
**c:/Users/atsu3/GitHub/lab/paper/pulse/DICOMO2021/初稿/dicomo2021.tex
(c:/Users/atsu3/GitHub/lab/paper/pulse/DICOMO2021/初稿/dicomo2021.tex
pLaTeX2e <2020-04-12> (based on LaTeX2e <2020-02-02> patch level 5)
L3 programming layer <2020-09-24> (./dicomopapers.cls

LaTeX Warning: You have requested document class `dicomopapers',
               but the document class provides `ipsj'.

Document Class: ipsj 2012/10/12 v1.04 IPSJ class
(c:/w32tex/share/texmf-dist/tex/latex/graphics/color.sty
Package: color 2019/11/23 v1.2a Standard LaTeX Color (DPC)
(c:/w32tex/share/texmf-dist/tex/latex/graphics-cfg/color.cfg
File: color.cfg 2016/01/02 v1.6 sample color configuration
)
Package color Info: Driver file: dvips.def on input line 147.
(c:/w32tex/share/texmf-dist/tex/latex/graphics-def/dvips.def
File: dvips.def 2017/06/20 v3.1d Graphics/color driver for dvips
) (c:/w32tex/share/texmf-dist/tex/latex/graphics/dvipsnam.def
File: dvipsnam.def 2016/06/17 v3.0m Driver-dependent file (DPC,SPQR)
))
\c@@paper=\count167
\h=\dimen150
\JQ=\dimen151
\Q=\dimen152
\@Q=\dimen153
\ChtE=\skip47
\CdpE=\skip48
\CwdE=\skip49
\CvsE=\skip50
\normalbaselineskip=\skip51
\c@volume=\count168
\c@number=\count169
\c@month=\count170
\c@year=\count171
\author@count=\count172
\label@count=\count173
\email@count=\count174
\affiliate@count=\count175
\offsetemail=\count176
\paffiliate@count=\count177
\shubetutitlesep=\skip52
\JEhonbunsep=\skip53
\Etitleauthorsep=\skip54
\Eauthorreceivesep=\skip55
\Ereceiveabstsep=\skip56
\Eabstkeywordsep=\skip57
\Jtitlejauthorsep=\skip58
\Jauthorjreceivesep=\skip59
\Jreceivejabstsep=\skip60
\Jabstsepjkeyword=\skip61
\Jkeywordetitle=\skip62
\Jetitleeauthor=\skip63
\Jeauthorereceivesep=\skip64
\Jereceiveeabstsep=\skip65
\Jeabstekeywordsep=\skip66
\@abstractbox=\box61
\@eabstractbox=\box62
\@jkeywordbox=\box63
\@ekeywordbox=\box64
\@keywordbox=\box65
\c@part=\count178
\c@section=\count179
\c@subsection=\count180
\c@subsubsection=\count181
\c@paragraph=\count182
\c@subparagraph=\count183
\@tempboxb=\box66
\SECTwd=\box67
\section@height=\skip67
\@abovecapskip=\dimen154
\@belowcapskip=\dimen155
\c@figure=\count184
\c@table=\count185
\abovecaptionskip=\skip68
\belowcaptionskip=\skip69
\@tempboxb=\box68
\capwidth=\dimen156
\ecapwidth=\dimen157
\bibindent=\dimen158
\c@profile=\count186
\mathindent=\dimen159
\@dummyfigbox=\box69
\twocolcapwidth=\dimen160
\twocolecapwidth=\dimen161
\@compare@result=\count187
) (c:/w32tex/share/texmf-dist/tex/latex/graphics/graphicx.sty
Package: graphicx 2019/11/30 v1.2a Enhanced LaTeX Graphics (DPC,SPQR)
(c:/w32tex/share/texmf-dist/tex/latex/graphics/keyval.sty
Package: keyval 2014/10/28 v1.15 key=value parser (DPC)
\KV@toks@=\toks16
) (c:/w32tex/share/texmf-dist/tex/latex/graphics/graphics.sty
Package: graphics 2019/11/30 v1.4a Standard LaTeX Graphics (DPC,SPQR)
(c:/w32tex/share/texmf-dist/tex/latex/graphics/trig.sty
Package: trig 2016/01/03 v1.10 sin cos tan (DPC)
) (c:/w32tex/share/texmf-dist/tex/latex/graphics-cfg/graphics.cfg
File: graphics.cfg 2016/06/04 v1.11 sample graphics configuration
)
Package graphics Info: Driver file: dvips.def on input line 105.
)
\Gin@req@height=\dimen162
\Gin@req@width=\dimen163
) (c:/w32tex/share/texmf-dist/tex/latex/base/latexsym.sty
Package: latexsym 1998/08/17 v2.2e Standard LaTeX package (lasy symbols)
\symlasy=\mathgroup4
LaTeX Font Info:    Overwriting symbol font `lasy' in version `bold'
(Font)                  U/lasy/m/n --> U/lasy/b/n on input line 52.
) (c:/w32tex/share/texmf-dist/tex/latex/l3backend/l3backend-dvips.def
File: l3backend-dvips.def 2020-09-24 L3 backend support: dvips
\l__pdf_internal_box=\box70
\g__pdf_backend_object_int=\count188
\l__pdf_backend_content_box=\box71
\l__pdf_backend_model_box=\box72
\g__pdf_backend_annotation_int=\count189
\g__pdf_backend_link_int=\count190
\g__pdf_backend_link_sf_int=\count191
) (./dicomo2021.aux)
\openout1 = `dicomo2021.aux'.

LaTeX Font Info:    Checking defaults for OML/cmm/m/it on input line 11.
LaTeX Font Info:    ... okay on input line 11.
LaTeX Font Info:    Checking defaults for OMS/cmsy/m/n on input line 11.
LaTeX Font Info:    ... okay on input line 11.
LaTeX Font Info:    Checking defaults for OT1/cmr/m/n on input line 11.
LaTeX Font Info:    ... okay on input line 11.
LaTeX Font Info:    Checking defaults for T1/cmr/m/n on input line 11.
LaTeX Font Info:    ... okay on input line 11.
LaTeX Font Info:    Checking defaults for TS1/cmr/m/n on input line 11.
LaTeX Font Info:    ... okay on input line 11.
LaTeX Font Info:    Checking defaults for OMX/cmex/m/n on input line 11.
LaTeX Font Info:    ... okay on input line 11.
LaTeX Font Info:    Checking defaults for U/cmr/m/n on input line 11.
LaTeX Font Info:    ... okay on input line 11.
LaTeX Font Info:    Checking defaults for JY1/mc/m/n on input line 11.
LaTeX Font Info:    ... okay on input line 11.
LaTeX Font Info:    Checking defaults for JT1/mc/m/n on input line 11.
LaTeX Font Info:    ... okay on input line 11.
LaTeX Font Info:    Font shape `JT1/mc/b/n' in size <8.8711> not available
(Font)              Font shape `JT1/mc/bx/n' tried instead on input line 26.
LaTeX Font Info:    Font shape `JT1/mc/bx/n' in size <8.8711> not available
(Font)              Font shape `JT1/gt/m/n' tried instead on input line 26.
LaTeX Font Info:    Font shape `JY1/mc/b/n' in size <8.8711> not available
(Font)              Font shape `JY1/mc/bx/n' tried instead on input line 26.
LaTeX Font Info:    Font shape `JY1/mc/bx/n' in size <8.8711> not available
(Font)              Font shape `JY1/gt/m/n' tried instead on input line 26.
LaTeX Font Info:    Calculating math sizes for size <8.8711> on input line 28.
LaTeX Font Info:    Font shape `JT1/gt/b/n' in size <19.2207> not available
(Font)              Font shape `JT1/gt/bx/n' tried instead on input line 42.
LaTeX Font Info:    Font shape `JT1/gt/bx/n' in size <19.2207> not available
(Font)              Font shape `JT1/gt/m/n' tried instead on input line 42.
LaTeX Font Info:    Font shape `JY1/gt/b/n' in size <19.2207> not available
(Font)              Font shape `JY1/gt/bx/n' tried instead on input line 42.
LaTeX Font Info:    Font shape `JY1/gt/bx/n' in size <19.2207> not available
(Font)              Font shape `JY1/gt/m/n' tried instead on input line 42.
LaTeX Font Info:    Calculating math sizes for size <9.61035> on input line 42.
LaTeX Font Info:    Calculating math sizes for size <11.82813> on input line 42.
LaTeX Font Info:    Calculating math sizes for size <8.27965> on input line 42.
LaTeX Font Info:    Font shape `JT1/mc/b/n' in size <14.22882> not available
(Font)              Font shape `JT1/mc/bx/n' tried instead on input line 42.
LaTeX Font Info:    Font shape `JT1/mc/bx/n' in size <14.22882> not available
(Font)              Font shape `JT1/gt/m/n' tried instead on input line 42.
LaTeX Font Info:    Font shape `JY1/mc/b/n' in size <14.22882> not available
(Font)              Font shape `JY1/mc/bx/n' tried instead on input line 42.
LaTeX Font Info:    Font shape `JY1/mc/bx/n' in size <14.22882> not available
(Font)              Font shape `JY1/gt/m/n' tried instead on input line 42.
LaTeX Font Info:    Calculating math sizes for size <10.34961> on input line 42.
LaTeX Font Info:    Calculating math sizes for size <7.24469> on input line 42.
LaTeX Font Info:    Calculating math sizes for size <8.13184> on input line 42.
LaTeX Font Info:    Calculating math sizes for size <5.69225> on input line 42.
LaTeX Font Info:    Font shape `JT1/mc/b/n' in size <11.82813> not available
(Font)              Font shape `JT1/mc/bx/n' tried instead on input line 45.
LaTeX Font Info:    Font shape `JT1/mc/bx/n' in size <11.82813> not available
(Font)              Font shape `JT1/gt/m/n' tried instead on input line 45.
LaTeX Font Info:    Font shape `JY1/mc/b/n' in size <11.82813> not available
(Font)              Font shape `JY1/mc/bx/n' tried instead on input line 45.
LaTeX Font Info:    Font shape `JY1/mc/bx/n' in size <11.82813> not available
(Font)              Font shape `JY1/gt/m/n' tried instead on input line 45.

Overfull \hbox (15.50839pt too wide) in paragraph at lines 66--69
[][]\OT1/cmtt/m/n/9.61035 \documentclass[Japanese,noauthor]{dicomopapers} 
 []

LaTeX Font Info:    Font shape `JT1/mc/b/n' in size <9.61035> not available
(Font)              Font shape `JT1/mc/bx/n' tried instead on input line 70.
LaTeX Font Info:    Font shape `JT1/mc/bx/n' in size <9.61035> not available
(Font)              Font shape `JT1/gt/m/n' tried instead on input line 70.
LaTeX Font Info:    Font shape `JY1/mc/b/n' in size <9.61035> not available
(Font)              Font shape `JY1/mc/bx/n' tried instead on input line 70.
LaTeX Font Info:    Font shape `JY1/mc/bx/n' in size <9.61035> not available
(Font)              Font shape `JY1/gt/m/n' tried instead on input line 70.

Underfull \hbox (badness 10000) in paragraph at lines 81--85
[]$[]$[]
 []


Underfull \hbox (badness 10000) in paragraph at lines 88--92
[]\OT1/cmr/m/n/8.8711 www.ipsj.or.jp/journal/submit/ronbun[]j[]prms.html$\OMS/cmsy/m/n/8.8711 i$
 []

LaTeX Font Info:    Font shape `JT1/mc/b/n' in size <9.24873> not available
(Font)              Font shape `JT1/mc/bx/n' tried instead on input line 94.
LaTeX Font Info:    Font shape `JT1/mc/bx/n' in size <9.24873> not available
(Font)              Font shape `JT1/gt/m/n' tried instead on input line 94.
LaTeX Font Info:    Font shape `JY1/mc/b/n' in size <9.24873> not available
(Font)              Font shape `JY1/mc/bx/n' tried instead on input line 94.
LaTeX Font Info:    Font shape `JY1/mc/bx/n' in size <9.24873> not available
(Font)              Font shape `JY1/gt/m/n' tried instead on input line 94.
[1


] (./dicomo2021.aux) ) 
Here is how much of TeX's memory you used:
 1653 strings out of 481386
 24925 string characters out of 5917849
 273004 words of memory out of 5000000
 17480 multiletter control sequences out of 15000+600000
 574269 words of font info for 204 fonts, out of 8000000 for 9000
 929 hyphenation exceptions out of 8191
 36i,9n,33p,296b,389s stack positions out of 5000i,500n,10000p,500000b,80000s

Output written on dicomo2021.dvi (1 page, 7196 bytes).
