|===========================================================================|
|                  PyTorch CUDA memory summary, device ID 0                 |
|---------------------------------------------------------------------------|
|            CUDA OOMs: 0            |        cudaMalloc retries: 0         |
|===========================================================================|
|        Metric         | Cur Usage  | Peak Usage | Tot Alloc  | Tot Freed  |
|---------------------------------------------------------------------------|
| Allocated memory      |   13313 KB |  270993 KB |   20573 GB |   20573 GB |
|       from large pool |       0 KB |  257448 KB |   20336 GB |   20336 GB |
|       from small pool |   13313 KB |   17882 KB |     237 GB |     237 GB |
|---------------------------------------------------------------------------|
| Active memory         |   13313 KB |  270993 KB |   20573 GB |   20573 GB |
|       from large pool |       0 KB |  257448 KB |   20336 GB |   20336 GB |
|       from small pool |   13313 KB |   17882 KB |     237 GB |     237 GB |
|---------------------------------------------------------------------------|
| GPU reserved memory   |  299008 KB |  299008 KB |  299008 KB |       0 B  |
|       from large pool |  280576 KB |  280576 KB |  280576 KB |       0 B  |
|       from small pool |   18432 KB |   18432 KB |   18432 KB |       0 B  |
|---------------------------------------------------------------------------|
| Non-releasable memory |    1023 KB |  107057 KB |    3029 GB |    3029 GB |
|       from large pool |       0 KB |  106117 KB |    2634 GB |    2634 GB |
|       from small pool |    1023 KB |    4897 KB |     395 GB |     395 GB |
|---------------------------------------------------------------------------|
| Allocations           |    2500    |    2529    |    2673 K  |    2670 K  |
|       from large pool |       0    |       8    |     600 K  |     600 K  |
|       from small pool |    2500    |    2521    |    2073 K  |    2070 K  |
|---------------------------------------------------------------------------|
| Active allocs         |    2500    |    2529    |    2673 K  |    2670 K  |
|       from large pool |       0    |       8    |     600 K  |     600 K  |
|       from small pool |    2500    |    2521    |    2073 K  |    2070 K  |
|---------------------------------------------------------------------------|
| GPU reserved segments |      15    |      15    |      15    |       0    |
|       from large pool |       6    |       6    |       6    |       0    |
|       from small pool |       9    |       9    |       9    |       0    |
|---------------------------------------------------------------------------|
| Non-releasable allocs |       3    |      14    |    1005 K  |    1005 K  |
|       from large pool |       0    |       5    |     240 K  |     240 K  |
|       from small pool |       3    |      10    |     765 K  |     765 K  |
|===========================================================================|
